DEBUG[ 2016-04-14 09:58:10,495 i.u.c.AesCrypt [main] > CreatingCrypterInstance ]
DEBUG[ 2016-04-14 09:58:10,499 i.u.c.AesCrypt [main] 	> ReadCryptConfig = java.io.BufferedReader@6ae40994 ]
DEBUG[ 2016-04-14 09:58:10,734 i.u.c.AesCrypt [main] 	> CreateCryptClass = it.uniroma3.crypt.AesCrypt@7f9a81e8 ]
DEBUG[ 2016-04-14 09:58:10,761 i.u.c.AesCrypt [main] 	> Decrypt = javax.crypto.Cipher@4b9e13df ]
DEBUG[ 2016-04-14 09:58:10,763 i.u.c.AesCrypt [main] > CreatingCrypterInstance ]
DEBUG[ 2016-04-14 09:58:10,763 i.u.c.AesCrypt [main] 	> ReadCryptConfig = java.io.BufferedReader@2b98378d ]
DEBUG[ 2016-04-14 09:58:10,764 i.u.c.AesCrypt [main] 	> CreateCryptClass = it.uniroma3.crypt.AesCrypt@475530b9 ]
DEBUG[ 2016-04-14 09:58:10,764 i.u.c.AesCrypt [main] 	> Decrypt = javax.crypto.Cipher@1d057a39 ]
DEBUG[ 2016-04-14 09:58:10,765 i.u.c.AesCrypt [main] > CreatingCrypterInstance ]
DEBUG[ 2016-04-14 09:58:10,765 i.u.c.AesCrypt [main] 	> ReadCryptConfig = java.io.BufferedReader@26be92ad ]
DEBUG[ 2016-04-14 09:58:10,765 i.u.c.AesCrypt [main] 	> CreateCryptClass = it.uniroma3.crypt.AesCrypt@4c70fda8 ]
DEBUG[ 2016-04-14 09:58:10,766 i.u.c.AesCrypt [main] 	> Decrypt = javax.crypto.Cipher@224edc67 ]
DEBUG[ 2016-04-14 09:58:10,766 i.u.p.ProdottoDaoJDBC [main] -> Save ]
DEBUG[ 2016-04-14 09:58:11,052 i.u.p.DBOperations [main] 	> GettingDbConnection = org.postgresql.jdbc.PgConnection@523884b2 ]
DEBUG[ 2016-04-14 09:58:11,053 i.u.p.ProdottoDaoJDBC [main] 	> ConnectionOpened ]
DEBUG[ 2016-04-14 09:58:11,059 i.u.p.ProdottoDaoJDBC [main] 	> DbOperation (Query = INSERT into prodotto(id, nome, descrizione, prezzo) values (1,'Penna USB','Componenti PC',15.0)) ]
ERROR[ 2016-04-14 09:58:11,145 i.u.p.ProdottoDaoJDBC [main] org.postgresql.util.PSQLException: ERRORE: un valore chiave duplicato viola il vincolo univoco "prodotto_pkey"
  Dettaglio: La chiave (id)=(1) esiste già. ]
DEBUG[ 2016-04-14 09:58:11,145 i.u.p.ProdottoDaoJDBC [main] 	> ClosingConnection = org.postgresql.jdbc.PgConnection@523884b2 ]
DEBUG[ 2016-04-14 09:58:11,146 i.u.p.ProdottoDaoJDBC [main] 	> Closed. ]
DEBUG[ 2016-04-14 09:58:11,146 i.u.p.ProdottoDaoJDBC [main] 	> FlushingStatement = INSERT into prodotto(id, nome, descrizione, prezzo) values (1,'Penna USB','Componenti PC',15.0) ]
DEBUG[ 2016-04-14 09:58:11,146 i.u.p.ProdottoDaoJDBC [main] 	> Flushed. ]
